Arguments: 
  C:\Program Files\nodejs\node.exe D:\Yarn\bin\yarn.js add nomemon -D

PATH: 
  C:\Windows\system32;C:\Windows;C:\Windows\System32\Wbem;C:\Windows\System32\WindowsPowerShell\v1.0\;C:\Windows\System32\OpenSSH\;D:\Git\cmd;C:\ProgramData\chocolatey\bin;C:\Program Files\nodejs\;C:\Program Files\Java\jdk1.8.0_211\bin;D:\Yarn\bin\;C:\Users\vicev\AppData\Local\Programs\Python\Python37\Scripts\;C:\Users\vicev\AppData\Local\Programs\Python\Python37\;C:\Users\vicev\AppData\Local\Microsoft\WindowsApps;C:\Users\vicev\AppData\Local\Programs\Microsoft VS Code\bin;C:\Users\vicev\AppData\Local\GitHubDesktop\bin;C:\Users\vicev\AppData\Roaming\npm;ANDROID_HOME%\platform-tools;C:\Android\SDK\tools;C:\Users\vicev\AppData\Local\Yarn\bin

Yarn version: 
  1.17.3

Node version: 
  12.6.0

Platform: 
  win32 x64

Trace: 
  Error: https://registry.yarnpkg.com/nomemon: Not found
      at Request.params.callback [as _callback] (D:\Yarn\lib\cli.js:65939:18)
      at Request.self.callback (D:\Yarn\lib\cli.js:140464:22)
      at Request.emit (events.js:203:13)
      at Request.<anonymous> (D:\Yarn\lib\cli.js:141436:10)
      at Request.emit (events.js:203:13)
      at IncomingMessage.<anonymous> (D:\Yarn\lib\cli.js:141358:12)
      at Object.onceWrapper (events.js:291:20)
      at IncomingMessage.emit (events.js:208:15)
      at endReadableNT (_stream_readable.js:1154:12)
      at processTicksAndRejections (internal/process/task_queues.js:77:11)

npm manifest: 
  {
    "name": "backend",
    "version": "1.0.0",
    "main": "index.js",
    "license": "MIT",
    "scripts": {
      "dev": "nodemon src/server/js"
    },
    "dependencies": {
      "express": "^4.17.1"
    }
  }

yarn manifest: 
  No manifest

Lockfile: 
  No lockfile
